<?xml version='1.0'?>
<ns2:test-suite xmlns:ns2='urn:model.allure.qatools.yandex.ru' start='1665394278696' stop='1665394279277'>
    <name>pelago UI tests: As a user, I am able to book an activity in pelago website</name>
    <title>pelago UI tests: As a user, I am able to book an activity in pelago website</title>
    <test-cases>
        <test-case start='1665394278696' status='passed' stop='1665394278696'>
            <name></name>
            <title></title>
            <labels>
                <label name='language' value='javascript'/>
                <label name='framework' value='wdio'/>
                <label name='thread' value='0-0'/>
            </labels>
            <parameters>
                <parameter kind='argument' name='browser' value='chrome-106.0.5249.103'/>
            </parameters>
            <steps/>
            <attachments/>
        </test-case>
        <test-case start='1665394278696' status='broken' stop='1665394279276'>
            <name>Given user is on the pelago home page "https://www.pelago.co/en-IN/"</name>
            <title>Given user is on the pelago home page "https://www.pelago.co/en-IN/"</title>
            <labels>
                <label name='language' value='javascript'/>
                <label name='framework' value='wdio'/>
                <label name='thread' value='0-0'/>
            </labels>
            <parameters>
                <parameter kind='argument' name='browser' value='chrome-106.0.5249.103'/>
            </parameters>
            <steps>
                <step start='1665394278697' status='broken' stop='1665394279276'>
                    <name>POST /session/:sessionId/url</name>
                    <title>POST /session/:sessionId/url</title>
                    <attachments>
                        <attachment title='Request' source='22ee9840-2b9e-4234-a179-a973f85618ba-attachment.json' type='application/json' size='43'/>
                    </attachments>
                    <steps/>
                </step>
            </steps>
            <attachments/>
            <failure>
                <message>unknown error: unknown error: net::ERR_INTERNET_DISCONNECTED</message>
                <stack-trace>unknown error: unknown error: net::ERR_INTERNET_DISCONNECTED
                  (Session info: chrome=106.0.5249.103)
                    at processTicksAndRejections (node:internal/process/task_queues:95:5)
                    at async World.&lt;anonymous> (/Users/kondababubalam/Documents/pelago_webdriverio/features/step-definitions/login.steps.ts:8:5)</stack-trace>
            </failure>
        </test-case>
        <test-case start='1665394279276' status='pending' stop='1665394279276'>
            <name>When user search for an activity "universal studios singapore"</name>
            <title>When user search for an activity "universal studios singapore"</title>
            <labels>
                <label name='language' value='javascript'/>
                <label name='framework' value='wdio'/>
                <label name='thread' value='0-0'/>
            </labels>
            <parameters>
                <parameter kind='argument' name='browser' value='chrome-106.0.5249.103'/>
            </parameters>
            <steps/>
            <attachments/>
        </test-case>
        <test-case start='1665394279276' status='broken' stop='1665394279277'>
            <name>Then select date "November 3rd, 2022"</name>
            <title>Then select date "November 3rd, 2022"</title>
            <labels>
                <label name='language' value='javascript'/>
                <label name='framework' value='wdio'/>
                <label name='thread' value='0-0'/>
            </labels>
            <parameters>
                <parameter kind='argument' name='browser' value='chrome-106.0.5249.103'/>
            </parameters>
            <steps/>
            <attachments/>
            <failure>
                <message>Step "select date "November 3rd, 2022"" is not defined. You can ignore this error by setting cucumberOpts.ignoreUndefinedDefinitions as true.</message>
                <stack-trace>Step "select date "November 3rd, 2022"" is not defined. You can ignore this error by setting cucumberOpts.ignoreUndefinedDefinitions as true.
                	at Feature(/Users/kondababubalam/Documents/pelago_webdriverio/features/product.feature):1:1
                	at Scenario(As a user, I am able to book an activity in pelago website):16:3
                	at Step(select date "November 3rd, 2022"):20:5
                </stack-trace>
            </failure>
        </test-case>
        <test-case start='1665394279277' status='passed' stop='1665394279277'>
            <name></name>
            <title></title>
            <labels>
                <label name='language' value='javascript'/>
                <label name='framework' value='wdio'/>
                <label name='thread' value='0-0'/>
            </labels>
            <parameters>
                <parameter kind='argument' name='browser' value='chrome-106.0.5249.103'/>
            </parameters>
            <steps/>
            <attachments/>
        </test-case>
    </test-cases>
</ns2:test-suite>